


ARM Macro Assembler    Page 1 


    1 00000000         ;/******************************************************
                       ***********************/
    2 00000000         ;/* STARTUP.S: Startup file for Dhrystone Example       
                                             */
    3 00000000         ;/******************************************************
                       ***********************/
    4 00000000         ;/* <<< Use Configuration Wizard in Context Menu >>>    
                                             */ 
    5 00000000         ;/******************************************************
                       ***********************/
    6 00000000         ;/* This file is part of the uVision/ARM development too
                       ls.                   */
    7 00000000         ;/* Copyright (c) 2005-2006 Keil Software. All rights re
                       served.               */
    8 00000000         ;/* This software may only be used under the terms of a 
                       valid, current,       */
    9 00000000         ;/* end user licence from KEIL for a compatible version 
                       of KEIL software      */
   10 00000000         ;/* development tools. Nothing else gives you the right 
                       to use this software. */
   11 00000000         ;/******************************************************
                       ***********************/
   12 00000000         
   13 00000000         
   14 00000000         ; *** Startup Code (executed after Reset) ***
   15 00000000         
   16 00000000         
   17 00000000         ; Standard definitions of Mode bits and Interrupt (I & F
                       ) flags in PSRs
   18 00000000         
   19 00000000 00000010 
                       Mode_USR
                               EQU              0x10
   20 00000000 00000011 
                       Mode_FIQ
                               EQU              0x11
   21 00000000 00000012 
                       Mode_IRQ
                               EQU              0x12
   22 00000000 00000013 
                       Mode_SVC
                               EQU              0x13
   23 00000000 00000017 
                       Mode_ABT
                               EQU              0x17
   24 00000000 0000001B 
                       Mode_UND
                               EQU              0x1B
   25 00000000 0000001F 
                       Mode_SYS
                               EQU              0x1F
   26 00000000         
   27 00000000 00000080 
                       I_Bit   EQU              0x80        ; when I bit is set
                                                            , IRQ is disabled
   28 00000000 00000040 
                       F_Bit   EQU              0x40        ; when F bit is set
                                                            , FIQ is disabled
   29 00000000         



ARM Macro Assembler    Page 2 


   30 00000000         
   31 00000000         ; Internal RAM Address
   32 00000000 000D0000 
                       RAM_Base
                               EQU              0x000D0000  ; after Ramap
   33 00000000 000D1000 
                       RAM_Base_Boot
                               EQU              0x000D1000  ; after Reset until
                                                             Remap 
   34 00000000         
   35 00000000         
   36 00000000         ;// <h> Stack Configuration (Stack Sizes in Bytes)
   37 00000000         ;//   <o0> Undefined Mode      <0x0-0xFFFFFFFF:8>
   38 00000000         ;//   <o1> Supervisor Mode     <0x0-0xFFFFFFFF:8>
   39 00000000         ;//   <o2> Abort Mode          <0x0-0xFFFFFFFF:8>
   40 00000000         ;//   <o3> Fast Interrupt Mode <0x0-0xFFFFFFFF:8>
   41 00000000         ;//   <o4> Interrupt Mode      <0x0-0xFFFFFFFF:8>
   42 00000000         ;//   <o5> User/System Mode    <0x0-0xFFFFFFFF:8>
   43 00000000         ;// </h>
   44 00000000         
   45 00000000 00000004 
                       UND_Stack_Size
                               EQU              0x00000004
   46 00000000 00000008 
                       SVC_Stack_Size
                               EQU              0x00000008
   47 00000000 00000004 
                       ABT_Stack_Size
                               EQU              0x00000004
   48 00000000 00000080 
                       FIQ_Stack_Size
                               EQU              0x00000080
   49 00000000 00000200 
                       IRQ_Stack_Size
                               EQU              0x00000200
   50 00000000 00000200 
                       USR_Stack_Size
                               EQU              0x00000200
   51 00000000         
   53 00000000 00000290 
                       ISR_Stack_Size
                               EQU              (UND_Stack_Size + SVC_Stack_Siz
e + ABT_Stack_Size +                           FIQ_Stack_Size + IRQ_Stack_Size
)
   54 00000000         
   55 00000000                 AREA             STACK, NOINIT, READWRITE, ALIGN
=3
   56 00000000         
   57 00000000         ;// yulb sett stack start address
   58 00000000         ;Map        0x40003FFC           
   59 00000000         Stack_Mem
                               SPACE            USR_Stack_Size
   60 00000200         __initial_sp
                               SPACE            ISR_Stack_Size
   61 00000490         
   62 00000490         Stack_Top
   63 00000490         
   64 00000490         
   65 00000490         ;// <h> Heap Configuration



ARM Macro Assembler    Page 3 


   66 00000490         ;//   <o>  Heap Size (in Bytes) <0x0-0xFFFFFFFF>
   67 00000490         ;// </h>
   68 00000490         
   69 00000490 00001000 
                       Heap_Size
                               EQU              0x00001000
   70 00000490         
   71 00000490                 AREA             HEAP, NOINIT, READWRITE, ALIGN=
3
   72 00000000         __heap_base
   73 00000000         Heap_Mem
                               SPACE            Heap_Size
   74 00001000         __heap_limit
   75 00001000         
   76 00001000                 PRESERVE8
   77 00001000         
   78 00001000         ; Area Definition and Entry Point
   79 00001000         ;  Startup Code must be linked first at Address at which
                        it expects to run.
   80 00001000         
   81 00001000                 AREA             RESET, CODE, READONLY
   82 00000000                 ARM
   83 00000000         
   84 00000000         ; Exception Vectors (before Remap)
   85 00000000         ;  Mapped to Address 0 before Remap Command.
   86 00000000         ;  Relative addressing mode must be used.
   87 00000000         
   88 00000000 EAFFFFFE 
                       Reset_Vec
                               B                Reset_Handler
   89 00000004 EAFFFFFE 
                       Undef_Vec
                               B                Undef_Vec
   90 00000008 EAFFFFFE 
                       SWI_Vec B                SWI_Vec
   91 0000000C EAFFFFFE 
                       PAbt_Vec
                               B                PAbt_Handler
   92 00000010 EAFFFFFE 
                       DAbt_Vec
                               B                DAbt_Handler
   93 00000014 E1A00000        NOP
   94 00000018 EAFFFFFE 
                       IRQ_Vec B                IRQ_Handler
   95 0000001C EAFFFFFE 
                       FIQ_Vec B                FIQ_Handler
   96 00000020         
   97 00000020         
   98 00000020         ; Exception Vectors (after Remap)
   99 00000020         ;  Mapped to Address 0 after Remap Command.
  100 00000020         ;  Absolute addressing mode must be used.
  101 00000020         ;  Dummy Handlers are implemented as infinite loops whic
                       h can be modified.
  102 00000020         
  103 00000020         Vectors
  104 00000020 E59FF018        LDR              PC, Reset_Addr
  105 00000024 E59FF018        LDR              PC, Undef_Addr
  106 00000028 E59FF018        LDR              PC, SWI_Addr
  107 0000002C E59FF018        LDR              PC, PAbt_Addr



ARM Macro Assembler    Page 4 


  108 00000030 E59FF018        LDR              PC, DAbt_Addr
  109 00000034 E1A00000        NOP                          ; Reserved Vector 
  110 00000038 E59FF018        LDR              PC, IRQ_Addr
  111 0000003C         ;                LDR     PC, [PC, #-0xF20]      ; Vector
                        from AIC_IVR 
  112 0000003C E59FF018        LDR              PC, FIQ_Addr
  113 00000040         ;                LDR     PC, [PC, #-0xF20]      ; Vector
                        from AIC_FVR 
  114 00000040         
  115 00000040 00000000 
                       Reset_Addr
                               DCD              Soft_Reset
  116 00000044 00000000 
                       Undef_Addr
                               DCD              Undef_Handler
  117 00000048 00000000 
                       SWI_Addr
                               DCD              SWI_Handler_t
  118 0000004C 00000000 
                       PAbt_Addr
                               DCD              PAbt_Handler_t
  119 00000050 00000000 
                       DAbt_Addr
                               DCD              DAbt_Handler_t
  120 00000054 00000000        DCD              0           ; Reserved Address 
                                                            
  121 00000058 00000000 
                       IRQ_Addr
                               DCD              IRQ_Handler_t
  122 0000005C 00000000 
                       FIQ_Addr
                               DCD              FIQ_Handler_t
  123 00000060         
  124 00000060 EAFFFFFE 
                       Soft_Reset
                               B                Reset_Handler
  125 00000064 EAFFFFFE 
                       Undef_Handler
                               B                Undef_Handler
  126 00000068 EAFFFFFE 
                       SWI_Handler_t
                               B                SWI_Handler
  127 0000006C EAFFFFFE 
                       PAbt_Handler_t
                               B                PAbt_Handler
  128 00000070 EAFFFFFE 
                       DAbt_Handler_t
                               B                DAbt_Handler
  129 00000074 EAFFFFFE 
                       IRQ_Handler_t
                               B                IRQ_Handler
  130 00000078 EAFFFFFE 
                       FIQ_Handler_t
                               B                FIQ_Handler
  131 0000007C         
  132 0000007C E1A00000        NOP
  133 00000080         
  134 00000080         ;ALIGN 128 ;aligned to 64byte address
  135 00000080         ;interrupt vector entry



ARM Macro Assembler    Page 5 


  136 00000080         Interrupt_Vector_Table
  137 00000080         ;EXPORT Interrupt_Vector_Table
  138 00000080 EAFFFFFE 
                       ISR0    B                ISR0_Body
  139 00000084 EAFFFFFE 
                       ISR1    B                ISR1_Body
  140 00000088 EAFFFFFE 
                       ISR2    B                ISR2_Body
  141 0000008C EAFFFFFE 
                       ISR3    B                ISR3_Body
  142 00000090 EAFFFFFE 
                       ISR4    B                ISR4_Body
  143 00000094 EAFFFFFE 
                       ISR5    B                ISR5_Body
  144 00000098 EAFFFFFE 
                       ISR6    B                ISR6_Body
  145 0000009C EAFFFFFE 
                       ISR7    B                ISR7_Body
  146 000000A0 EAFFFFFE 
                       ISR8    B                ISR8_Body
  147 000000A4 EAFFFFFE 
                       ISR9    B                ISR9_Body
  148 000000A8 EAFFFFFE 
                       ISR10   B                ISR10_Body
  149 000000AC EAFFFFFE 
                       ISR11   B                ISR11_Body
  150 000000B0 EAFFFFFE 
                       ISR12   B                ISR12_Body
  151 000000B4 EAFFFFFE 
                       ISR13   B                ISR13_Body
  152 000000B8 EAFFFFFE 
                       ISR14   B                ISR14_Body
  153 000000BC EAFFFFFE 
                       ISR15   B                ISR15_Body
  154 000000C0 EAFFFFFE 
                       ISR16   B                ISR16_Body
  155 000000C4 EAFFFFFE 
                       ISR17   B                ISR17_Body
  156 000000C8 EAFFFFFE 
                       ISR18   B                ISR18_Body
  157 000000CC EAFFFFFE 
                       ISR19   B                ISR19_Body
  158 000000D0 EAFFFFFE 
                       ISR20   B                ISR20_Body
  159 000000D4 EAFFFFFE 
                       ISR21   B                ISR21_Body
  160 000000D8 EAFFFFFE 
                       ISR22   B                ISR22_Body
  161 000000DC EAFFFFFE 
                       ISR23   B                ISR23_Body
  162 000000E0 EAFFFFFE 
                       ISR24   B                ISR24_Body
  163 000000E4 EAFFFFFE 
                       ISR25   B                ISR25_Body
  164 000000E8 EAFFFFFE 
                       ISR26   B                ISR26_Body
  165 000000EC EAFFFFFE 
                       ISR27   B                ISR27_Body
  166 000000F0 EAFFFFFE 



ARM Macro Assembler    Page 6 


                       ISR28   B                ISR28_Body
  167 000000F4 EAFFFFFE 
                       ISR29   B                ISR29_Body
  168 000000F8 EAFFFFFE 
                       ISR30   B                ISR30_Body
  169 000000FC EAFFFFFE 
                       ISR31   B                ISR31_Body
  170 00000100         
  171 00000100         
  172 00000100                 IMPORT           Timer1IrqHandler
  173 00000100         ISR0_Body
                               PROC
  174 00000100                 EXPORT           ISR0_Body
  175 00000100 EBFFFFFE        BL               Timer1IrqHandler
  176 00000104 E8BD5FFF        LDMFD            SP!, {R0-R12, R14}
  177 00000108 E16FF00E        MSR              SPSR_cxsf, R14
  178 0000010C E8FD8000        LDMFD            SP!, {pc}^
  179 00000110                 ENDP
  180 00000110         
  181 00000110                 IMPORT           Timer2IrqHandler
  182 00000110         ISR1_Body
                               PROC
  183 00000110                 EXPORT           ISR1_Body
  184 00000110 EBFFFFFE        BL               Timer2IrqHandler
  185 00000114 E8BD5FFF        LDMFD            SP!, {R0-R12, R14}
  186 00000118 E16FF00E        MSR              SPSR_cxsf, R14
  187 0000011C E8FD8000        LDMFD            SP!, {pc}^
  188 00000120                 ENDP
  189 00000120         
  190 00000120                 IMPORT           WatchDogIrqHandler
  191 00000120         ISR2_Body
                               PROC
  192 00000120                 EXPORT           ISR2_Body
  193 00000120 EBFFFFFE        BL               WatchDogIrqHandler
  194 00000124 E8BD5FFF        LDMFD            SP!, {R0-R12, R14}
  195 00000128 E16FF00E        MSR              SPSR_cxsf, R14
  196 0000012C E8FD8000        LDMFD            SP!, {pc}^
  197 00000130                 ENDP
  198 00000130         
  199 00000130                 IMPORT           FlashIrqHandler
  200 00000130         ISR3_Body
                               PROC
  201 00000130                 EXPORT           ISR3_Body
  202 00000130 EBFFFFFE        BL               FlashIrqHandler
  203 00000134 E8BD5FFF        LDMFD            SP!, {R0-R12, R14}
  204 00000138 E16FF00E        MSR              SPSR_cxsf, R14
  205 0000013C E8FD8000        LDMFD            SP!, {pc}^
  206 00000140                 ENDP
  207 00000140         
  208 00000140                 IMPORT           GpioIrqHandler
  209 00000140         ISR4_Body
                               PROC
  210 00000140                 EXPORT           ISR4_Body
  211 00000140 EBFFFFFE        BL               GpioIrqHandler
  212 00000144 E8BD5FFF        LDMFD            SP!, {R0-R12, R14}
  213 00000148 E16FF00E        MSR              SPSR_cxsf, R14
  214 0000014C E8FD8000        LDMFD            SP!, {pc}^
  215 00000150                 ENDP
  216 00000150         



ARM Macro Assembler    Page 7 


  217 00000150                 IMPORT           Timer3IrqHandler
  218 00000150         ISR5_Body
                               PROC
  219 00000150                 EXPORT           ISR5_Body
  220 00000150 EBFFFFFE        BL               Timer3IrqHandler
  221 00000154 E8BD5FFF        LDMFD            SP!, {R0-R12, R14}
  222 00000158 E16FF00E        MSR              SPSR_cxsf, R14
  223 0000015C E8FD8000        LDMFD            SP!, {pc}^
  224 00000160                 ENDP
  225 00000160         
  226 00000160                 IMPORT           DmaIrqHandler
  227 00000160         ISR6_Body
                               PROC
  228 00000160                 EXPORT           ISR6_Body
  229 00000160 EBFFFFFE        BL               DmaIrqHandler
  230 00000164 E8BD5FFF        LDMFD            SP!, {R0-R12, R14}
  231 00000168 E16FF00E        MSR              SPSR_cxsf, R14
  232 0000016C E8FD8000        LDMFD            SP!, {pc}^
  233 00000170                 ENDP
  234 00000170         
  235 00000170                 IMPORT           PllIrqHandler
  236 00000170         ISR7_Body
                               PROC
  237 00000170                 EXPORT           ISR7_Body
  238 00000170 EBFFFFFE        BL               PllIrqHandler
  239 00000174 E8BD5FFF        LDMFD            SP!, {R0-R12, R14}
  240 00000178 E16FF00E        MSR              SPSR_cxsf, R14
  241 0000017C E8FD8000        LDMFD            SP!, {pc}^
  242 00000180                 ENDP
  243 00000180         
  244 00000180                 IMPORT           Slave7816RstIrqHandler
  245 00000180         ISR8_Body
                               PROC
  246 00000180                 EXPORT           ISR8_Body
  247 00000180 EBFFFFFE        BL               Slave7816RstIrqHandler
  248 00000184 E8BD5FFF        LDMFD            SP!, {R0-R12, R14}
  249 00000188 E16FF00E        MSR              SPSR_cxsf, R14
  250 0000018C E8FD8000        LDMFD            SP!, {pc}^
  251 00000190                 ENDP
  252 00000190         
  253 00000190                 IMPORT           Slave7816TxIrqHandler
  254 00000190         ISR9_Body
                               PROC
  255 00000190                 EXPORT           ISR9_Body
  256 00000190 EBFFFFFE        BL               Slave7816TxIrqHandler
  257 00000194 E8BD5FFF        LDMFD            SP!, {R0-R12, R14}
  258 00000198 E16FF00E        MSR              SPSR_cxsf, R14
  259 0000019C E8FD8000        LDMFD            SP!, {pc}^
  260 000001A0                 ENDP
  261 000001A0         
  262 000001A0                 IMPORT           Slave7816RxIrqHandler
  263 000001A0         ISR10_Body
                               PROC
  264 000001A0                 EXPORT           ISR10_Body
  265 000001A0 EBFFFFFE        BL               Slave7816RxIrqHandler
  266 000001A4 E8BD5FFF        LDMFD            SP!, {R0-R12, R14}
  267 000001A8 E16FF00E        MSR              SPSR_cxsf, R14
  268 000001AC E8FD8000        LDMFD            SP!, {pc}^
  269 000001B0                 ENDP



ARM Macro Assembler    Page 8 


  270 000001B0         
  271 000001B0                 IMPORT           Slave7816OverFlowIrqHandler
  272 000001B0         ISR11_Body
                               PROC
  273 000001B0                 EXPORT           ISR11_Body
  274 000001B0 EBFFFFFE        BL               Slave7816OverFlowIrqHandler
  275 000001B4 E8BD5FFF        LDMFD            SP!, {R0-R12, R14}
  276 000001B8 E16FF00E        MSR              SPSR_cxsf, R14
  277 000001BC E8FD8000        LDMFD            SP!, {pc}^
  278 000001C0                 ENDP
  279 000001C0         
  280 000001C0         ;IMPORT ISR12_Routine
  281 000001C0         ISR12_Body
                               PROC
  282 000001C0                 EXPORT           ISR12_Body
  283 000001C0         ;BL ISR12_Routine
  284 000001C0 E8BD5FFF        LDMFD            SP!, {R0-R12, R14}
  285 000001C4 E16FF00E        MSR              SPSR_cxsf, R14
  286 000001C8 E8FD8000        LDMFD            SP!, {pc}^
  287 000001CC                 ENDP
  288 000001CC         
  289 000001CC                 IMPORT           UsbIrqHandler
  290 000001CC         ISR13_Body
                               PROC
  291 000001CC                 EXPORT           ISR13_Body
  292 000001CC EBFFFFFE        BL               UsbIrqHandler
  293 000001D0 E8BD5FFF        LDMFD            SP!, {R0-R12, R14}
  294 000001D4 E16FF00E        MSR              SPSR_cxsf, R14
  295 000001D8 E8FD8000        LDMFD            SP!, {pc}^
  296 000001DC                 ENDP
  297 000001DC         
  298 000001DC                 IMPORT           Spi0IrqHandler
  299 000001DC         ISR14_Body
                               PROC
  300 000001DC                 EXPORT           ISR14_Body
  301 000001DC EBFFFFFE        BL               Spi0IrqHandler
  302 000001E0 E8BD5FFF        LDMFD            SP!, {R0-R12, R14}
  303 000001E4 E16FF00E        MSR              SPSR_cxsf, R14
  304 000001E8 E8FD8000        LDMFD            SP!, {pc}^
  305 000001EC                 ENDP
  306 000001EC         
  307 000001EC         ;IMPORT ISR15_Routine
  308 000001EC         ISR15_Body
                               PROC
  309 000001EC                 EXPORT           ISR15_Body
  310 000001EC         ;BL ISR15_Routine
  311 000001EC E8BD5FFF        LDMFD            SP!, {R0-R12, R14}
  312 000001F0 E16FF00E        MSR              SPSR_cxsf, R14
  313 000001F4 E8FD8000        LDMFD            SP!, {pc}^
  314 000001F8                 ENDP
  315 000001F8         
  316 000001F8         ;IMPORT ISR16_Routine
  317 000001F8         ISR16_Body
                               PROC
  318 000001F8                 EXPORT           ISR16_Body
  319 000001F8         ;BL ISR16_Routine
  320 000001F8 E8BD5FFF        LDMFD            SP!, {R0-R12, R14}
  321 000001FC E16FF00E        MSR              SPSR_cxsf, R14
  322 00000200 E8FD8000        LDMFD            SP!, {pc}^



ARM Macro Assembler    Page 9 


  323 00000204                 ENDP
  324 00000204         
  325 00000204                 IMPORT           I2CIrqHandler
  326 00000204         ISR17_Body
                               PROC
  327 00000204                 EXPORT           ISR17_Body
  328 00000204 EBFFFFFE        BL               I2CIrqHandler
  329 00000208 E8BD5FFF        LDMFD            SP!, {R0-R12, R14}
  330 0000020C E16FF00E        MSR              SPSR_cxsf, R14
  331 00000210 E8FD8000        LDMFD            SP!, {pc}^
  332 00000214                 ENDP
  333 00000214         
  334 00000214                 IMPORT           UartIrqHandler
  335 00000214         ISR18_Body
                               PROC
  336 00000214                 EXPORT           ISR18_Body
  337 00000214 EBFFFFFE        BL               UartIrqHandler
  338 00000218 E8BD5FFF        LDMFD            SP!, {R0-R12, R14}
  339 0000021C E16FF00E        MSR              SPSR_cxsf, R14
  340 00000220 E8FD8000        LDMFD            SP!, {pc}^
  341 00000224                 ENDP
  342 00000224         
  343 00000224                 IMPORT           Master7816TxIrqHandler
  344 00000224         ISR19_Body
                               PROC
  345 00000224                 EXPORT           ISR19_Body
  346 00000224 EBFFFFFE        BL               Master7816TxIrqHandler
  347 00000228 E8BD5FFF        LDMFD            SP!, {R0-R12, R14}
  348 0000022C E16FF00E        MSR              SPSR_cxsf, R14
  349 00000230 E8FD8000        LDMFD            SP!, {pc}^
  350 00000234                 ENDP
  351 00000234         
  352 00000234                 IMPORT           Master7816RxIrqHandler
  353 00000234         ISR20_Body
                               PROC
  354 00000234                 EXPORT           ISR20_Body
  355 00000234 EBFFFFFE        BL               Master7816RxIrqHandler
  356 00000238 E8BD5FFF        LDMFD            SP!, {R0-R12, R14}
  357 0000023C E16FF00E        MSR              SPSR_cxsf, R14
  358 00000240 E8FD8000        LDMFD            SP!, {pc}^
  359 00000244                 ENDP
  360 00000244         
  361 00000244                 IMPORT           Master7816OverFlowIrqHandler
  362 00000244         ISR21_Body
                               PROC
  363 00000244                 EXPORT           ISR21_Body
  364 00000244 EBFFFFFE        BL               Master7816OverFlowIrqHandler
  365 00000248 E8BD5FFF        LDMFD            SP!, {R0-R12, R14}
  366 0000024C E16FF00E        MSR              SPSR_cxsf, R14
  367 00000250 E8FD8000        LDMFD            SP!, {pc}^
  368 00000254                 ENDP
  369 00000254         
  370 00000254         ;IMPORT ISR22_Routine
  371 00000254         ISR22_Body
                               PROC
  372 00000254                 EXPORT           ISR22_Body
  373 00000254         ;BL ISR22_Routine
  374 00000254 E8BD5FFF        LDMFD            SP!, {R0-R12, R14}
  375 00000258 E16FF00E        MSR              SPSR_cxsf, R14



ARM Macro Assembler    Page 10 


  376 0000025C E8FD8000        LDMFD            SP!, {pc}^
  377 00000260                 ENDP
  378 00000260         
  379 00000260                 IMPORT           Spi2IrqHandler
  380 00000260         ISR23_Body
                               PROC
  381 00000260                 EXPORT           ISR23_Body
  382 00000260 EBFFFFFE        BL               Spi2IrqHandler
  383 00000264 E8BD5FFF        LDMFD            SP!, {R0-R12, R14}
  384 00000268 E16FF00E        MSR              SPSR_cxsf, R14
  385 0000026C E8FD8000        LDMFD            SP!, {pc}^
  386 00000270                 ENDP
  387 00000270         
  388 00000270         ;IMPORT ISR24_Routine
  389 00000270         ISR24_Body
                               PROC
  390 00000270                 EXPORT           ISR24_Body
  391 00000270         ;BL ISR24_Routine
  392 00000270 E8BD5FFF        LDMFD            SP!, {R0-R12, R14}
  393 00000274 E16FF00E        MSR              SPSR_cxsf, R14
  394 00000278 E8FD8000        LDMFD            SP!, {pc}^
  395 0000027C                 ENDP
  396 0000027C         
  397 0000027C                 IMPORT           PKEIrqHandler
  398 0000027C         ISR25_Body
                               PROC
  399 0000027C                 EXPORT           ISR25_Body
  400 0000027C EBFFFFFE        BL               PKEIrqHandler
  401 00000280 E8BD5FFF        LDMFD            SP!, {R0-R12, R14}
  402 00000284 E16FF00E        MSR              SPSR_cxsf, R14
  403 00000288 E8FD8000        LDMFD            SP!, {pc}^
  404 0000028C                 ENDP
  405 0000028C         
  406 0000028C         ;IMPORT ISR26_Routine
  407 0000028C         ISR26_Body
                               PROC
  408 0000028C                 EXPORT           ISR26_Body
  409 0000028C         ;BL ISR26_Routine
  410 0000028C E8BD5FFF        LDMFD            SP!, {R0-R12, R14}
  411 00000290 E16FF00E        MSR              SPSR_cxsf, R14
  412 00000294 E8FD8000        LDMFD            SP!, {pc}^
  413 00000298                 ENDP
  414 00000298         
  415 00000298                 IMPORT           SM1IrqHandler
  416 00000298         ISR27_Body
                               PROC
  417 00000298                 EXPORT           ISR27_Body
  418 00000298 EBFFFFFE        BL               SM1IrqHandler
  419 0000029C E8BD5FFF        LDMFD            SP!, {R0-R12, R14}
  420 000002A0 E16FF00E        MSR              SPSR_cxsf, R14
  421 000002A4 E8FD8000        LDMFD            SP!, {pc}^
  422 000002A8                 ENDP
  423 000002A8         
  424 000002A8         ;IMPORT ISR28_Routine
  425 000002A8         ISR28_Body
                               PROC
  426 000002A8                 EXPORT           ISR28_Body
  427 000002A8         ;BL ISR28_Routine
  428 000002A8 E8BD5FFF        LDMFD            SP!, {R0-R12, R14}



ARM Macro Assembler    Page 11 


  429 000002AC E16FF00E        MSR              SPSR_cxsf, R14
  430 000002B0 E8FD8000        LDMFD            SP!, {pc}^
  431 000002B4                 ENDP
  432 000002B4         
  433 000002B4         ;IMPORT ISR29_Routine
  434 000002B4         ISR29_Body
                               PROC
  435 000002B4                 EXPORT           ISR29_Body
  436 000002B4         ;BL ISR29_Routine
  437 000002B4 E8BD5FFF        LDMFD            SP!, {R0-R12, R14}
  438 000002B8 E16FF00E        MSR              SPSR_cxsf, R14
  439 000002BC E8FD8000        LDMFD            SP!, {pc}^
  440 000002C0                 ENDP
  441 000002C0         
  442 000002C0         ;IMPORT ISR30_Routine
  443 000002C0         ISR30_Body
                               PROC
  444 000002C0                 EXPORT           ISR30_Body
  445 000002C0         ;BL ISR30_Routine
  446 000002C0 E8BD5FFF        LDMFD            SP!, {R0-R12, R14}
  447 000002C4 E16FF00E        MSR              SPSR_cxsf, R14
  448 000002C8 E8FD8000        LDMFD            SP!, {pc}^
  449 000002CC                 ENDP
  450 000002CC         
  451 000002CC         ;IMPORT ISR31_Routine
  452 000002CC         ISR31_Body
                               PROC
  453 000002CC                 EXPORT           ISR31_Body
  454 000002CC         ;BL ISR31_Routine
  455 000002CC E8BD5FFF        LDMFD            SP!, {R0-R12, R14}
  456 000002D0 E16FF00E        MSR              SPSR_cxsf, R14
  457 000002D4 E8FD8000        LDMFD            SP!, {pc}^
  458 000002D8                 ENDP
  459 000002D8         
  460 000002D8         
  461 000002D8         ; Reset Handler
  462 000002D8         
  463 000002D8                 EXPORT           Reset_Handler
  464 000002D8         Reset_Handler
  465 000002D8         
  466 000002D8         
  467 000002D8         ; Setup Stack for each mode
  468 000002D8         
  469 000002D8 E59F00CC        LDR              R0, =Stack_Top
  470 000002DC         
  471 000002DC         ;  Enter Undefined Instruction Mode and set its Stack Po
                       inter
  472 000002DC E321F0DB        MSR              CPSR_c, #Mode_UND:OR:I_Bit:OR:F
_Bit
  473 000002E0 E1A0D000        MOV              SP, R0
  474 000002E4 E2400004        SUB              R0, R0, #UND_Stack_Size
  475 000002E8         
  476 000002E8         ;  Enter Abort Mode and set its Stack Pointer
  477 000002E8 E321F0D7        MSR              CPSR_c, #Mode_ABT:OR:I_Bit:OR:F
_Bit
  478 000002EC E1A0D000        MOV              SP, R0
  479 000002F0 E2400004        SUB              R0, R0, #ABT_Stack_Size
  480 000002F4         
  481 000002F4         ;  Enter FIQ Mode and set its Stack Pointer



ARM Macro Assembler    Page 12 


  482 000002F4 E321F0D1        MSR              CPSR_c, #Mode_FIQ:OR:I_Bit:OR:F
_Bit
  483 000002F8 E1A0D000        MOV              SP, R0
  484 000002FC E2400080        SUB              R0, R0, #FIQ_Stack_Size
  485 00000300         
  486 00000300         ;  Enter IRQ Mode and set its Stack Pointer
  487 00000300 E321F0D2        MSR              CPSR_c, #Mode_IRQ:OR:I_Bit:OR:F
_Bit
  488 00000304 E1A0D000        MOV              SP, R0
  489 00000308 E2400C02        SUB              R0, R0, #IRQ_Stack_Size
  490 0000030C         
  491 0000030C         ;  Enter Supervisor Mode and set its Stack Pointer
  492 0000030C E321F013        MSR              CPSR_c, #Mode_SVC
  493 00000310 E1A0D000        MOV              SP, R0
  494 00000314 E2400008        SUB              R0, R0, #SVC_Stack_Size
  495 00000318         
  496 00000318         ;  Enter User Mode and set its Stack Pointer
  497 00000318         ;MSR     CPSR_c, #Mode_USR
  498 00000318         ;IF      :DEF:__MICROLIB
  499 00000318         
  500 00000318         ;EXPORT __initial_sp
  501 00000318         
  502 00000318         ;ELSE
  503 00000318         
  504 00000318         ;MOV     SP, R0
  505 00000318         ;SUB     SL, SP, #USR_Stack_Size
  506 00000318         
  507 00000318         ;ENDIF
  508 00000318         
  509 00000318         ; init MPU
  510 00000318 E3A01000        MOV              R1,  #0x0
  511 0000031C EE011F10        MCR              p15, 0, R1, c1, c0, 0
  512 00000320         
  513 00000320         ;IMPORT  Interrupt_Vector_Table
  514 00000320         ;init intc
  515 00000320 E3A00AFF        MOV              R0,  #0xFF000
  516 00000324 E59F1084        LDR              R1,  =Interrupt_Vector_Table
  517 00000328 E5801830        STR              R1,  [R0,#0x830] ;  
  518 0000032C         
  519 0000032C         ; Enter the C code
  520 0000032C         
  521 0000032C         
  522 0000032C                 IMPORT           __main
  523 0000032C E59F0080        LDR              R0, =__main
  524 00000330 E12FFF10        BX               R0
  525 00000334         
  526 00000334         
  527 00000334                 IMPORT           DAbtIrqHandler
  528 00000334         DAbt_Handler
                               PROC
  529 00000334                 EXPORT           DAbt_Handler
  530 00000334         
  531 00000334         ;SUBS PC, LR, #4
  532 00000334 E24EE004        sub              LR,  LR, #4
  533 00000338 E92D4000        STMFD            SP!, {LR}
  534 0000033C E14FE000        MRS              R14,  SPSR
  535 00000340 E92D5FFF        STMFD            SP!,  {R0-R12, R14} ;push into 
                                                            stack    
  536 00000344 EBFFFFFE        bl               DAbtIrqHandler



ARM Macro Assembler    Page 13 


  537 00000348 E8BD5FFF        LDMFD            SP!, {R0-R12, R14}
  538 0000034C E16FF00E        MSR              SPSR_cxsf, R14
  539 00000350 E8FD8000        LDMFD            SP!, {pc}^
  540 00000354         
  541 00000354                 ENDP
  542 00000354         
  543 00000354                 IMPORT           PAbtIrqHandler
  544 00000354         PAbt_Handler
                               PROC
  545 00000354                 EXPORT           PAbt_Handler
  546 00000354         
  547 00000354         ;SUBS PC, LR, #4
  548 00000354 E24EE004        sub              LR,  LR, #4
  549 00000358 E92D4000        STMFD            SP!, {LR}
  550 0000035C E14FE000        MRS              R14,  SPSR
  551 00000360 E92D5FFF        STMFD            SP!,  {R0-R12, R14} ;push into 
                                                            stack    
  552 00000364 EBFFFFFE        bl               PAbtIrqHandler
  553 00000368 E8BD5FFF        LDMFD            SP!, {R0-R12, R14}
  554 0000036C E16FF00E        MSR              SPSR_cxsf, R14
  555 00000370 E8FD8000        LDMFD            SP!, {pc}^
  556 00000374         
  557 00000374                 ENDP
  558 00000374         
  559 00000374         SWI_Handler
                               PROC
  560 00000374                 EXPORT           SWI_Handler
  561 00000374         
  562 00000374 E8BD4000        LDMIA            R13!,{R14}
  563 00000378 E12FFF1E        BX               R14
  564 0000037C         
  565 0000037C                 ENDP
  566 0000037C         
  567 0000037C         
  568 0000037C         IRQ_Handler
                               PROC
  569 0000037C                 EXPORT           IRQ_Handler
  570 0000037C         
  571 0000037C E24EE004        sub              LR,  LR, #4
  572 00000380 E92D4000        STMFD            SP!, {LR}
  573 00000384 E14FE000        MRS              R14,  SPSR
  574 00000388 E92D5FFF        STMFD            SP!,  {R0-R12, R14}
  575 0000038C         
  576 0000038C E59F0024        LDR              R0,  =0xFF830 ;=VICADDRESS
  577 00000390 E590F000        LDR              PC,  [R0]
  578 00000394         
  579 00000394                 ENDP
  580 00000394         
  581 00000394         
  582 00000394         
  583 00000394         FIQ_Handler
                               PROC
  584 00000394                 EXPORT           FIQ_Handler
  585 00000394         
  586 00000394 E24EE004        sub              LR,  LR, #4
  587 00000398 E92D4000        STMFD            SP!, {LR}
  588 0000039C E14FE000        MRS              R14,  SPSR
  589 000003A0 E92D5FFF        STMFD            SP!,  {R0-R12, R14} 
                                                            ;push into stack



ARM Macro Assembler    Page 14 


  590 000003A4         
  591 000003A4 E59F000C        LDR              R0,  =0xFF830 ;=VICADDRESS
  592 000003A8 E590F000        LDR              PC,  [R0]
  593 000003AC         
  594 000003AC                 ENDP
  595 000003AC         
  596 000003AC         
  597 000003AC         
  598 000003AC         
  599 000003AC         
  600 000003AC         
  601 000003AC         ; User Initial Stack & Heap
  602 000003AC 00000000 
              00000000 
              00000000 
              000FF830         AREA             |.text|, CODE, READONLY
  603 00000000         
  604 00000000                 IMPORT           __use_two_region_memory
  605 00000000                 EXPORT           __user_initial_stackheap
  606 00000000         __user_initial_stackheap
  607 00000000         
  608 00000000 E59F000C        LDR              R0, =  Heap_Mem
  609 00000004 E59F100C        LDR              R1, =(Stack_Mem + USR_Stack_Siz
e)
  610 00000008 E59F200C        LDR              R2, = (Heap_Mem +      Heap_Siz
e)
  611 0000000C E59F300C        LDR              R3, = Stack_Mem
  612 00000010 E12FFF1E        BX               LR
  613 00000014         
  614 00000014         
  615 00000014                 END
              00000000 
              00000200 
              00001000 
              00000000 
Command Line: --debug --xref --apcs=interwork --depend=..\Obj\Startup.d -o..\Ob
j\Startup.o -IC:\Keil\ARM\CMSIS\Include -IC:\Keil\ARM\INC\HED --list=.\Startup.
lst ..\Startup\Startup.s



ARM Macro Assembler    Page 1 Alphabetic symbol ordering
Relocatable symbols

STACK 00000000

Symbol: STACK
   Definitions
      At line 55 in file ..\Startup\Startup.s
   Uses
      None
Comment: STACK unused
Stack_Mem 00000000

Symbol: Stack_Mem
   Definitions
      At line 59 in file ..\Startup\Startup.s
   Uses
      At line 609 in file ..\Startup\Startup.s
      At line 611 in file ..\Startup\Startup.s

Stack_Top 00000490

Symbol: Stack_Top
   Definitions
      At line 62 in file ..\Startup\Startup.s
   Uses
      At line 469 in file ..\Startup\Startup.s
Comment: Stack_Top used once
__initial_sp 00000200

Symbol: __initial_sp
   Definitions
      At line 60 in file ..\Startup\Startup.s
   Uses
      None
Comment: __initial_sp unused
4 symbols



ARM Macro Assembler    Page 1 Alphabetic symbol ordering
Relocatable symbols

HEAP 00000000

Symbol: HEAP
   Definitions
      At line 71 in file ..\Startup\Startup.s
   Uses
      None
Comment: HEAP unused
Heap_Mem 00000000

Symbol: Heap_Mem
   Definitions
      At line 73 in file ..\Startup\Startup.s
   Uses
      At line 608 in file ..\Startup\Startup.s
      At line 610 in file ..\Startup\Startup.s

__heap_base 00000000

Symbol: __heap_base
   Definitions
      At line 72 in file ..\Startup\Startup.s
   Uses
      None
Comment: __heap_base unused
__heap_limit 00001000

Symbol: __heap_limit
   Definitions
      At line 74 in file ..\Startup\Startup.s
   Uses
      None
Comment: __heap_limit unused
4 symbols



ARM Macro Assembler    Page 1 Alphabetic symbol ordering
Relocatable symbols

DAbt_Addr 00000050

Symbol: DAbt_Addr
   Definitions
      At line 119 in file ..\Startup\Startup.s
   Uses
      At line 108 in file ..\Startup\Startup.s
Comment: DAbt_Addr used once
DAbt_Handler 00000334

Symbol: DAbt_Handler
   Definitions
      At line 528 in file ..\Startup\Startup.s
   Uses
      At line 92 in file ..\Startup\Startup.s
      At line 128 in file ..\Startup\Startup.s
      At line 529 in file ..\Startup\Startup.s

DAbt_Handler_t 00000070

Symbol: DAbt_Handler_t
   Definitions
      At line 128 in file ..\Startup\Startup.s
   Uses
      At line 119 in file ..\Startup\Startup.s
Comment: DAbt_Handler_t used once
DAbt_Vec 00000010

Symbol: DAbt_Vec
   Definitions
      At line 92 in file ..\Startup\Startup.s
   Uses
      None
Comment: DAbt_Vec unused
FIQ_Addr 0000005C

Symbol: FIQ_Addr
   Definitions
      At line 122 in file ..\Startup\Startup.s
   Uses
      At line 112 in file ..\Startup\Startup.s
Comment: FIQ_Addr used once
FIQ_Handler 00000394

Symbol: FIQ_Handler
   Definitions
      At line 583 in file ..\Startup\Startup.s
   Uses
      At line 95 in file ..\Startup\Startup.s
      At line 130 in file ..\Startup\Startup.s
      At line 584 in file ..\Startup\Startup.s

FIQ_Handler_t 00000078

Symbol: FIQ_Handler_t
   Definitions
      At line 130 in file ..\Startup\Startup.s
   Uses
      At line 122 in file ..\Startup\Startup.s



ARM Macro Assembler    Page 2 Alphabetic symbol ordering
Relocatable symbols

Comment: FIQ_Handler_t used once
FIQ_Vec 0000001C

Symbol: FIQ_Vec
   Definitions
      At line 95 in file ..\Startup\Startup.s
   Uses
      None
Comment: FIQ_Vec unused
IRQ_Addr 00000058

Symbol: IRQ_Addr
   Definitions
      At line 121 in file ..\Startup\Startup.s
   Uses
      At line 110 in file ..\Startup\Startup.s
Comment: IRQ_Addr used once
IRQ_Handler 0000037C

Symbol: IRQ_Handler
   Definitions
      At line 568 in file ..\Startup\Startup.s
   Uses
      At line 94 in file ..\Startup\Startup.s
      At line 129 in file ..\Startup\Startup.s
      At line 569 in file ..\Startup\Startup.s

IRQ_Handler_t 00000074

Symbol: IRQ_Handler_t
   Definitions
      At line 129 in file ..\Startup\Startup.s
   Uses
      At line 121 in file ..\Startup\Startup.s
Comment: IRQ_Handler_t used once
IRQ_Vec 00000018

Symbol: IRQ_Vec
   Definitions
      At line 94 in file ..\Startup\Startup.s
   Uses
      None
Comment: IRQ_Vec unused
ISR0 00000080

Symbol: ISR0
   Definitions
      At line 138 in file ..\Startup\Startup.s
   Uses
      None
Comment: ISR0 unused
ISR0_Body 00000100

Symbol: ISR0_Body
   Definitions
      At line 173 in file ..\Startup\Startup.s
   Uses
      At line 138 in file ..\Startup\Startup.s
      At line 174 in file ..\Startup\Startup.s



ARM Macro Assembler    Page 3 Alphabetic symbol ordering
Relocatable symbols


ISR1 00000084

Symbol: ISR1
   Definitions
      At line 139 in file ..\Startup\Startup.s
   Uses
      None
Comment: ISR1 unused
ISR10 000000A8

Symbol: ISR10
   Definitions
      At line 148 in file ..\Startup\Startup.s
   Uses
      None
Comment: ISR10 unused
ISR10_Body 000001A0

Symbol: ISR10_Body
   Definitions
      At line 263 in file ..\Startup\Startup.s
   Uses
      At line 148 in file ..\Startup\Startup.s
      At line 264 in file ..\Startup\Startup.s

ISR11 000000AC

Symbol: ISR11
   Definitions
      At line 149 in file ..\Startup\Startup.s
   Uses
      None
Comment: ISR11 unused
ISR11_Body 000001B0

Symbol: ISR11_Body
   Definitions
      At line 272 in file ..\Startup\Startup.s
   Uses
      At line 149 in file ..\Startup\Startup.s
      At line 273 in file ..\Startup\Startup.s

ISR12 000000B0

Symbol: ISR12
   Definitions
      At line 150 in file ..\Startup\Startup.s
   Uses
      None
Comment: ISR12 unused
ISR12_Body 000001C0

Symbol: ISR12_Body
   Definitions
      At line 281 in file ..\Startup\Startup.s
   Uses
      At line 150 in file ..\Startup\Startup.s
      At line 282 in file ..\Startup\Startup.s



ARM Macro Assembler    Page 4 Alphabetic symbol ordering
Relocatable symbols


ISR13 000000B4

Symbol: ISR13
   Definitions
      At line 151 in file ..\Startup\Startup.s
   Uses
      None
Comment: ISR13 unused
ISR13_Body 000001CC

Symbol: ISR13_Body
   Definitions
      At line 290 in file ..\Startup\Startup.s
   Uses
      At line 151 in file ..\Startup\Startup.s
      At line 291 in file ..\Startup\Startup.s

ISR14 000000B8

Symbol: ISR14
   Definitions
      At line 152 in file ..\Startup\Startup.s
   Uses
      None
Comment: ISR14 unused
ISR14_Body 000001DC

Symbol: ISR14_Body
   Definitions
      At line 299 in file ..\Startup\Startup.s
   Uses
      At line 152 in file ..\Startup\Startup.s
      At line 300 in file ..\Startup\Startup.s

ISR15 000000BC

Symbol: ISR15
   Definitions
      At line 153 in file ..\Startup\Startup.s
   Uses
      None
Comment: ISR15 unused
ISR15_Body 000001EC

Symbol: ISR15_Body
   Definitions
      At line 308 in file ..\Startup\Startup.s
   Uses
      At line 153 in file ..\Startup\Startup.s
      At line 309 in file ..\Startup\Startup.s

ISR16 000000C0

Symbol: ISR16
   Definitions
      At line 154 in file ..\Startup\Startup.s
   Uses
      None



ARM Macro Assembler    Page 5 Alphabetic symbol ordering
Relocatable symbols

Comment: ISR16 unused
ISR16_Body 000001F8

Symbol: ISR16_Body
   Definitions
      At line 317 in file ..\Startup\Startup.s
   Uses
      At line 154 in file ..\Startup\Startup.s
      At line 318 in file ..\Startup\Startup.s

ISR17 000000C4

Symbol: ISR17
   Definitions
      At line 155 in file ..\Startup\Startup.s
   Uses
      None
Comment: ISR17 unused
ISR17_Body 00000204

Symbol: ISR17_Body
   Definitions
      At line 326 in file ..\Startup\Startup.s
   Uses
      At line 155 in file ..\Startup\Startup.s
      At line 327 in file ..\Startup\Startup.s

ISR18 000000C8

Symbol: ISR18
   Definitions
      At line 156 in file ..\Startup\Startup.s
   Uses
      None
Comment: ISR18 unused
ISR18_Body 00000214

Symbol: ISR18_Body
   Definitions
      At line 335 in file ..\Startup\Startup.s
   Uses
      At line 156 in file ..\Startup\Startup.s
      At line 336 in file ..\Startup\Startup.s

ISR19 000000CC

Symbol: ISR19
   Definitions
      At line 157 in file ..\Startup\Startup.s
   Uses
      None
Comment: ISR19 unused
ISR19_Body 00000224

Symbol: ISR19_Body
   Definitions
      At line 344 in file ..\Startup\Startup.s
   Uses
      At line 157 in file ..\Startup\Startup.s



ARM Macro Assembler    Page 6 Alphabetic symbol ordering
Relocatable symbols

      At line 345 in file ..\Startup\Startup.s

ISR1_Body 00000110

Symbol: ISR1_Body
   Definitions
      At line 182 in file ..\Startup\Startup.s
   Uses
      At line 139 in file ..\Startup\Startup.s
      At line 183 in file ..\Startup\Startup.s

ISR2 00000088

Symbol: ISR2
   Definitions
      At line 140 in file ..\Startup\Startup.s
   Uses
      None
Comment: ISR2 unused
ISR20 000000D0

Symbol: ISR20
   Definitions
      At line 158 in file ..\Startup\Startup.s
   Uses
      None
Comment: ISR20 unused
ISR20_Body 00000234

Symbol: ISR20_Body
   Definitions
      At line 353 in file ..\Startup\Startup.s
   Uses
      At line 158 in file ..\Startup\Startup.s
      At line 354 in file ..\Startup\Startup.s

ISR21 000000D4

Symbol: ISR21
   Definitions
      At line 159 in file ..\Startup\Startup.s
   Uses
      None
Comment: ISR21 unused
ISR21_Body 00000244

Symbol: ISR21_Body
   Definitions
      At line 362 in file ..\Startup\Startup.s
   Uses
      At line 159 in file ..\Startup\Startup.s
      At line 363 in file ..\Startup\Startup.s

ISR22 000000D8

Symbol: ISR22
   Definitions
      At line 160 in file ..\Startup\Startup.s
   Uses



ARM Macro Assembler    Page 7 Alphabetic symbol ordering
Relocatable symbols

      None
Comment: ISR22 unused
ISR22_Body 00000254

Symbol: ISR22_Body
   Definitions
      At line 371 in file ..\Startup\Startup.s
   Uses
      At line 160 in file ..\Startup\Startup.s
      At line 372 in file ..\Startup\Startup.s

ISR23 000000DC

Symbol: ISR23
   Definitions
      At line 161 in file ..\Startup\Startup.s
   Uses
      None
Comment: ISR23 unused
ISR23_Body 00000260

Symbol: ISR23_Body
   Definitions
      At line 380 in file ..\Startup\Startup.s
   Uses
      At line 161 in file ..\Startup\Startup.s
      At line 381 in file ..\Startup\Startup.s

ISR24 000000E0

Symbol: ISR24
   Definitions
      At line 162 in file ..\Startup\Startup.s
   Uses
      None
Comment: ISR24 unused
ISR24_Body 00000270

Symbol: ISR24_Body
   Definitions
      At line 389 in file ..\Startup\Startup.s
   Uses
      At line 162 in file ..\Startup\Startup.s
      At line 390 in file ..\Startup\Startup.s

ISR25 000000E4

Symbol: ISR25
   Definitions
      At line 163 in file ..\Startup\Startup.s
   Uses
      None
Comment: ISR25 unused
ISR25_Body 0000027C

Symbol: ISR25_Body
   Definitions
      At line 398 in file ..\Startup\Startup.s
   Uses



ARM Macro Assembler    Page 8 Alphabetic symbol ordering
Relocatable symbols

      At line 163 in file ..\Startup\Startup.s
      At line 399 in file ..\Startup\Startup.s

ISR26 000000E8

Symbol: ISR26
   Definitions
      At line 164 in file ..\Startup\Startup.s
   Uses
      None
Comment: ISR26 unused
ISR26_Body 0000028C

Symbol: ISR26_Body
   Definitions
      At line 407 in file ..\Startup\Startup.s
   Uses
      At line 164 in file ..\Startup\Startup.s
      At line 408 in file ..\Startup\Startup.s

ISR27 000000EC

Symbol: ISR27
   Definitions
      At line 165 in file ..\Startup\Startup.s
   Uses
      None
Comment: ISR27 unused
ISR27_Body 00000298

Symbol: ISR27_Body
   Definitions
      At line 416 in file ..\Startup\Startup.s
   Uses
      At line 165 in file ..\Startup\Startup.s
      At line 417 in file ..\Startup\Startup.s

ISR28 000000F0

Symbol: ISR28
   Definitions
      At line 166 in file ..\Startup\Startup.s
   Uses
      None
Comment: ISR28 unused
ISR28_Body 000002A8

Symbol: ISR28_Body
   Definitions
      At line 425 in file ..\Startup\Startup.s
   Uses
      At line 166 in file ..\Startup\Startup.s
      At line 426 in file ..\Startup\Startup.s

ISR29 000000F4

Symbol: ISR29
   Definitions
      At line 167 in file ..\Startup\Startup.s



ARM Macro Assembler    Page 9 Alphabetic symbol ordering
Relocatable symbols

   Uses
      None
Comment: ISR29 unused
ISR29_Body 000002B4

Symbol: ISR29_Body
   Definitions
      At line 434 in file ..\Startup\Startup.s
   Uses
      At line 167 in file ..\Startup\Startup.s
      At line 435 in file ..\Startup\Startup.s

ISR2_Body 00000120

Symbol: ISR2_Body
   Definitions
      At line 191 in file ..\Startup\Startup.s
   Uses
      At line 140 in file ..\Startup\Startup.s
      At line 192 in file ..\Startup\Startup.s

ISR3 0000008C

Symbol: ISR3
   Definitions
      At line 141 in file ..\Startup\Startup.s
   Uses
      None
Comment: ISR3 unused
ISR30 000000F8

Symbol: ISR30
   Definitions
      At line 168 in file ..\Startup\Startup.s
   Uses
      None
Comment: ISR30 unused
ISR30_Body 000002C0

Symbol: ISR30_Body
   Definitions
      At line 443 in file ..\Startup\Startup.s
   Uses
      At line 168 in file ..\Startup\Startup.s
      At line 444 in file ..\Startup\Startup.s

ISR31 000000FC

Symbol: ISR31
   Definitions
      At line 169 in file ..\Startup\Startup.s
   Uses
      None
Comment: ISR31 unused
ISR31_Body 000002CC

Symbol: ISR31_Body
   Definitions
      At line 452 in file ..\Startup\Startup.s



ARM Macro Assembler    Page 10 Alphabetic symbol ordering
Relocatable symbols

   Uses
      At line 169 in file ..\Startup\Startup.s
      At line 453 in file ..\Startup\Startup.s

ISR3_Body 00000130

Symbol: ISR3_Body
   Definitions
      At line 200 in file ..\Startup\Startup.s
   Uses
      At line 141 in file ..\Startup\Startup.s
      At line 201 in file ..\Startup\Startup.s

ISR4 00000090

Symbol: ISR4
   Definitions
      At line 142 in file ..\Startup\Startup.s
   Uses
      None
Comment: ISR4 unused
ISR4_Body 00000140

Symbol: ISR4_Body
   Definitions
      At line 209 in file ..\Startup\Startup.s
   Uses
      At line 142 in file ..\Startup\Startup.s
      At line 210 in file ..\Startup\Startup.s

ISR5 00000094

Symbol: ISR5
   Definitions
      At line 143 in file ..\Startup\Startup.s
   Uses
      None
Comment: ISR5 unused
ISR5_Body 00000150

Symbol: ISR5_Body
   Definitions
      At line 218 in file ..\Startup\Startup.s
   Uses
      At line 143 in file ..\Startup\Startup.s
      At line 219 in file ..\Startup\Startup.s

ISR6 00000098

Symbol: ISR6
   Definitions
      At line 144 in file ..\Startup\Startup.s
   Uses
      None
Comment: ISR6 unused
ISR6_Body 00000160

Symbol: ISR6_Body
   Definitions



ARM Macro Assembler    Page 11 Alphabetic symbol ordering
Relocatable symbols

      At line 227 in file ..\Startup\Startup.s
   Uses
      At line 144 in file ..\Startup\Startup.s
      At line 228 in file ..\Startup\Startup.s

ISR7 0000009C

Symbol: ISR7
   Definitions
      At line 145 in file ..\Startup\Startup.s
   Uses
      None
Comment: ISR7 unused
ISR7_Body 00000170

Symbol: ISR7_Body
   Definitions
      At line 236 in file ..\Startup\Startup.s
   Uses
      At line 145 in file ..\Startup\Startup.s
      At line 237 in file ..\Startup\Startup.s

ISR8 000000A0

Symbol: ISR8
   Definitions
      At line 146 in file ..\Startup\Startup.s
   Uses
      None
Comment: ISR8 unused
ISR8_Body 00000180

Symbol: ISR8_Body
   Definitions
      At line 245 in file ..\Startup\Startup.s
   Uses
      At line 146 in file ..\Startup\Startup.s
      At line 246 in file ..\Startup\Startup.s

ISR9 000000A4

Symbol: ISR9
   Definitions
      At line 147 in file ..\Startup\Startup.s
   Uses
      None
Comment: ISR9 unused
ISR9_Body 00000190

Symbol: ISR9_Body
   Definitions
      At line 254 in file ..\Startup\Startup.s
   Uses
      At line 147 in file ..\Startup\Startup.s
      At line 255 in file ..\Startup\Startup.s

Interrupt_Vector_Table 00000080

Symbol: Interrupt_Vector_Table



ARM Macro Assembler    Page 12 Alphabetic symbol ordering
Relocatable symbols

   Definitions
      At line 136 in file ..\Startup\Startup.s
   Uses
      At line 516 in file ..\Startup\Startup.s
Comment: Interrupt_Vector_Table used once
PAbt_Addr 0000004C

Symbol: PAbt_Addr
   Definitions
      At line 118 in file ..\Startup\Startup.s
   Uses
      At line 107 in file ..\Startup\Startup.s
Comment: PAbt_Addr used once
PAbt_Handler 00000354

Symbol: PAbt_Handler
   Definitions
      At line 544 in file ..\Startup\Startup.s
   Uses
      At line 91 in file ..\Startup\Startup.s
      At line 127 in file ..\Startup\Startup.s
      At line 545 in file ..\Startup\Startup.s

PAbt_Handler_t 0000006C

Symbol: PAbt_Handler_t
   Definitions
      At line 127 in file ..\Startup\Startup.s
   Uses
      At line 118 in file ..\Startup\Startup.s
Comment: PAbt_Handler_t used once
PAbt_Vec 0000000C

Symbol: PAbt_Vec
   Definitions
      At line 91 in file ..\Startup\Startup.s
   Uses
      None
Comment: PAbt_Vec unused
RESET 00000000

Symbol: RESET
   Definitions
      At line 81 in file ..\Startup\Startup.s
   Uses
      None
Comment: RESET unused
Reset_Addr 00000040

Symbol: Reset_Addr
   Definitions
      At line 115 in file ..\Startup\Startup.s
   Uses
      At line 104 in file ..\Startup\Startup.s
Comment: Reset_Addr used once
Reset_Handler 000002D8

Symbol: Reset_Handler
   Definitions



ARM Macro Assembler    Page 13 Alphabetic symbol ordering
Relocatable symbols

      At line 464 in file ..\Startup\Startup.s
   Uses
      At line 88 in file ..\Startup\Startup.s
      At line 124 in file ..\Startup\Startup.s
      At line 463 in file ..\Startup\Startup.s

Reset_Vec 00000000

Symbol: Reset_Vec
   Definitions
      At line 88 in file ..\Startup\Startup.s
   Uses
      None
Comment: Reset_Vec unused
SWI_Addr 00000048

Symbol: SWI_Addr
   Definitions
      At line 117 in file ..\Startup\Startup.s
   Uses
      At line 106 in file ..\Startup\Startup.s
Comment: SWI_Addr used once
SWI_Handler 00000374

Symbol: SWI_Handler
   Definitions
      At line 559 in file ..\Startup\Startup.s
   Uses
      At line 126 in file ..\Startup\Startup.s
      At line 560 in file ..\Startup\Startup.s

SWI_Handler_t 00000068

Symbol: SWI_Handler_t
   Definitions
      At line 126 in file ..\Startup\Startup.s
   Uses
      At line 117 in file ..\Startup\Startup.s
Comment: SWI_Handler_t used once
SWI_Vec 00000008

Symbol: SWI_Vec
   Definitions
      At line 90 in file ..\Startup\Startup.s
   Uses
      At line 90 in file ..\Startup\Startup.s
Comment: SWI_Vec used once
Soft_Reset 00000060

Symbol: Soft_Reset
   Definitions
      At line 124 in file ..\Startup\Startup.s
   Uses
      At line 115 in file ..\Startup\Startup.s
Comment: Soft_Reset used once
Undef_Addr 00000044

Symbol: Undef_Addr
   Definitions



ARM Macro Assembler    Page 14 Alphabetic symbol ordering
Relocatable symbols

      At line 116 in file ..\Startup\Startup.s
   Uses
      At line 105 in file ..\Startup\Startup.s
Comment: Undef_Addr used once
Undef_Handler 00000064

Symbol: Undef_Handler
   Definitions
      At line 125 in file ..\Startup\Startup.s
   Uses
      At line 116 in file ..\Startup\Startup.s
      At line 125 in file ..\Startup\Startup.s

Undef_Vec 00000004

Symbol: Undef_Vec
   Definitions
      At line 89 in file ..\Startup\Startup.s
   Uses
      At line 89 in file ..\Startup\Startup.s
Comment: Undef_Vec used once
Vectors 00000020

Symbol: Vectors
   Definitions
      At line 103 in file ..\Startup\Startup.s
   Uses
      None
Comment: Vectors unused
94 symbols



ARM Macro Assembler    Page 1 Alphabetic symbol ordering
Relocatable symbols

.text 00000000

Symbol: .text
   Definitions
      At line 602 in file ..\Startup\Startup.s
   Uses
      None
Comment: .text unused
__user_initial_stackheap 00000000

Symbol: __user_initial_stackheap
   Definitions
      At line 606 in file ..\Startup\Startup.s
   Uses
      At line 605 in file ..\Startup\Startup.s
Comment: __user_initial_stackheap used once
2 symbols



ARM Macro Assembler    Page 1 Alphabetic symbol ordering
Absolute symbols

ABT_Stack_Size 00000004

Symbol: ABT_Stack_Size
   Definitions
      At line 47 in file ..\Startup\Startup.s
   Uses
      At line 53 in file ..\Startup\Startup.s
      At line 479 in file ..\Startup\Startup.s

FIQ_Stack_Size 00000080

Symbol: FIQ_Stack_Size
   Definitions
      At line 48 in file ..\Startup\Startup.s
   Uses
      At line 53 in file ..\Startup\Startup.s
      At line 484 in file ..\Startup\Startup.s

F_Bit 00000040

Symbol: F_Bit
   Definitions
      At line 28 in file ..\Startup\Startup.s
   Uses
      At line 472 in file ..\Startup\Startup.s
      At line 477 in file ..\Startup\Startup.s
      At line 482 in file ..\Startup\Startup.s
      At line 487 in file ..\Startup\Startup.s

Heap_Size 00001000

Symbol: Heap_Size
   Definitions
      At line 69 in file ..\Startup\Startup.s
   Uses
      At line 73 in file ..\Startup\Startup.s
      At line 610 in file ..\Startup\Startup.s

IRQ_Stack_Size 00000200

Symbol: IRQ_Stack_Size
   Definitions
      At line 49 in file ..\Startup\Startup.s
   Uses
      At line 53 in file ..\Startup\Startup.s
      At line 489 in file ..\Startup\Startup.s

ISR_Stack_Size 00000290

Symbol: ISR_Stack_Size
   Definitions
      At line 53 in file ..\Startup\Startup.s
   Uses
      At line 60 in file ..\Startup\Startup.s
Comment: ISR_Stack_Size used once
I_Bit 00000080

Symbol: I_Bit
   Definitions



ARM Macro Assembler    Page 2 Alphabetic symbol ordering
Absolute symbols

      At line 27 in file ..\Startup\Startup.s
   Uses
      At line 472 in file ..\Startup\Startup.s
      At line 477 in file ..\Startup\Startup.s
      At line 482 in file ..\Startup\Startup.s
      At line 487 in file ..\Startup\Startup.s

Mode_ABT 00000017

Symbol: Mode_ABT
   Definitions
      At line 23 in file ..\Startup\Startup.s
   Uses
      At line 477 in file ..\Startup\Startup.s
Comment: Mode_ABT used once
Mode_FIQ 00000011

Symbol: Mode_FIQ
   Definitions
      At line 20 in file ..\Startup\Startup.s
   Uses
      At line 482 in file ..\Startup\Startup.s
Comment: Mode_FIQ used once
Mode_IRQ 00000012

Symbol: Mode_IRQ
   Definitions
      At line 21 in file ..\Startup\Startup.s
   Uses
      At line 487 in file ..\Startup\Startup.s
Comment: Mode_IRQ used once
Mode_SVC 00000013

Symbol: Mode_SVC
   Definitions
      At line 22 in file ..\Startup\Startup.s
   Uses
      At line 492 in file ..\Startup\Startup.s
Comment: Mode_SVC used once
Mode_SYS 0000001F

Symbol: Mode_SYS
   Definitions
      At line 25 in file ..\Startup\Startup.s
   Uses
      None
Comment: Mode_SYS unused
Mode_UND 0000001B

Symbol: Mode_UND
   Definitions
      At line 24 in file ..\Startup\Startup.s
   Uses
      At line 472 in file ..\Startup\Startup.s
Comment: Mode_UND used once
Mode_USR 00000010

Symbol: Mode_USR
   Definitions



ARM Macro Assembler    Page 3 Alphabetic symbol ordering
Absolute symbols

      At line 19 in file ..\Startup\Startup.s
   Uses
      None
Comment: Mode_USR unused
RAM_Base 000D0000

Symbol: RAM_Base
   Definitions
      At line 32 in file ..\Startup\Startup.s
   Uses
      None
Comment: RAM_Base unused
RAM_Base_Boot 000D1000

Symbol: RAM_Base_Boot
   Definitions
      At line 33 in file ..\Startup\Startup.s
   Uses
      None
Comment: RAM_Base_Boot unused
SVC_Stack_Size 00000008

Symbol: SVC_Stack_Size
   Definitions
      At line 46 in file ..\Startup\Startup.s
   Uses
      At line 53 in file ..\Startup\Startup.s
      At line 494 in file ..\Startup\Startup.s

UND_Stack_Size 00000004

Symbol: UND_Stack_Size
   Definitions
      At line 45 in file ..\Startup\Startup.s
   Uses
      At line 53 in file ..\Startup\Startup.s
      At line 474 in file ..\Startup\Startup.s

USR_Stack_Size 00000200

Symbol: USR_Stack_Size
   Definitions
      At line 50 in file ..\Startup\Startup.s
   Uses
      At line 59 in file ..\Startup\Startup.s
      At line 609 in file ..\Startup\Startup.s

19 symbols



ARM Macro Assembler    Page 1 Alphabetic symbol ordering
External symbols

DAbtIrqHandler 00000000

Symbol: DAbtIrqHandler
   Definitions
      At line 527 in file ..\Startup\Startup.s
   Uses
      At line 536 in file ..\Startup\Startup.s
Comment: DAbtIrqHandler used once
DmaIrqHandler 00000000

Symbol: DmaIrqHandler
   Definitions
      At line 226 in file ..\Startup\Startup.s
   Uses
      At line 229 in file ..\Startup\Startup.s
Comment: DmaIrqHandler used once
FlashIrqHandler 00000000

Symbol: FlashIrqHandler
   Definitions
      At line 199 in file ..\Startup\Startup.s
   Uses
      At line 202 in file ..\Startup\Startup.s
Comment: FlashIrqHandler used once
GpioIrqHandler 00000000

Symbol: GpioIrqHandler
   Definitions
      At line 208 in file ..\Startup\Startup.s
   Uses
      At line 211 in file ..\Startup\Startup.s
Comment: GpioIrqHandler used once
I2CIrqHandler 00000000

Symbol: I2CIrqHandler
   Definitions
      At line 325 in file ..\Startup\Startup.s
   Uses
      At line 328 in file ..\Startup\Startup.s
Comment: I2CIrqHandler used once
Master7816OverFlowIrqHandler 00000000

Symbol: Master7816OverFlowIrqHandler
   Definitions
      At line 361 in file ..\Startup\Startup.s
   Uses
      At line 364 in file ..\Startup\Startup.s
Comment: Master7816OverFlowIrqHandler used once
Master7816RxIrqHandler 00000000

Symbol: Master7816RxIrqHandler
   Definitions
      At line 352 in file ..\Startup\Startup.s
   Uses
      At line 355 in file ..\Startup\Startup.s
Comment: Master7816RxIrqHandler used once
Master7816TxIrqHandler 00000000

Symbol: Master7816TxIrqHandler



ARM Macro Assembler    Page 2 Alphabetic symbol ordering
External symbols

   Definitions
      At line 343 in file ..\Startup\Startup.s
   Uses
      At line 346 in file ..\Startup\Startup.s
Comment: Master7816TxIrqHandler used once
PAbtIrqHandler 00000000

Symbol: PAbtIrqHandler
   Definitions
      At line 543 in file ..\Startup\Startup.s
   Uses
      At line 552 in file ..\Startup\Startup.s
Comment: PAbtIrqHandler used once
PKEIrqHandler 00000000

Symbol: PKEIrqHandler
   Definitions
      At line 397 in file ..\Startup\Startup.s
   Uses
      At line 400 in file ..\Startup\Startup.s
Comment: PKEIrqHandler used once
PllIrqHandler 00000000

Symbol: PllIrqHandler
   Definitions
      At line 235 in file ..\Startup\Startup.s
   Uses
      At line 238 in file ..\Startup\Startup.s
Comment: PllIrqHandler used once
SM1IrqHandler 00000000

Symbol: SM1IrqHandler
   Definitions
      At line 415 in file ..\Startup\Startup.s
   Uses
      At line 418 in file ..\Startup\Startup.s
Comment: SM1IrqHandler used once
Slave7816OverFlowIrqHandler 00000000

Symbol: Slave7816OverFlowIrqHandler
   Definitions
      At line 271 in file ..\Startup\Startup.s
   Uses
      At line 274 in file ..\Startup\Startup.s
Comment: Slave7816OverFlowIrqHandler used once
Slave7816RstIrqHandler 00000000

Symbol: Slave7816RstIrqHandler
   Definitions
      At line 244 in file ..\Startup\Startup.s
   Uses
      At line 247 in file ..\Startup\Startup.s
Comment: Slave7816RstIrqHandler used once
Slave7816RxIrqHandler 00000000

Symbol: Slave7816RxIrqHandler
   Definitions
      At line 262 in file ..\Startup\Startup.s
   Uses



ARM Macro Assembler    Page 3 Alphabetic symbol ordering
External symbols

      At line 265 in file ..\Startup\Startup.s
Comment: Slave7816RxIrqHandler used once
Slave7816TxIrqHandler 00000000

Symbol: Slave7816TxIrqHandler
   Definitions
      At line 253 in file ..\Startup\Startup.s
   Uses
      At line 256 in file ..\Startup\Startup.s
Comment: Slave7816TxIrqHandler used once
Spi0IrqHandler 00000000

Symbol: Spi0IrqHandler
   Definitions
      At line 298 in file ..\Startup\Startup.s
   Uses
      At line 301 in file ..\Startup\Startup.s
Comment: Spi0IrqHandler used once
Spi2IrqHandler 00000000

Symbol: Spi2IrqHandler
   Definitions
      At line 379 in file ..\Startup\Startup.s
   Uses
      At line 382 in file ..\Startup\Startup.s
Comment: Spi2IrqHandler used once
Timer1IrqHandler 00000000

Symbol: Timer1IrqHandler
   Definitions
      At line 172 in file ..\Startup\Startup.s
   Uses
      At line 175 in file ..\Startup\Startup.s
Comment: Timer1IrqHandler used once
Timer2IrqHandler 00000000

Symbol: Timer2IrqHandler
   Definitions
      At line 181 in file ..\Startup\Startup.s
   Uses
      At line 184 in file ..\Startup\Startup.s
Comment: Timer2IrqHandler used once
Timer3IrqHandler 00000000

Symbol: Timer3IrqHandler
   Definitions
      At line 217 in file ..\Startup\Startup.s
   Uses
      At line 220 in file ..\Startup\Startup.s
Comment: Timer3IrqHandler used once
UartIrqHandler 00000000

Symbol: UartIrqHandler
   Definitions
      At line 334 in file ..\Startup\Startup.s
   Uses
      At line 337 in file ..\Startup\Startup.s
Comment: UartIrqHandler used once
UsbIrqHandler 00000000



ARM Macro Assembler    Page 4 Alphabetic symbol ordering
External symbols


Symbol: UsbIrqHandler
   Definitions
      At line 289 in file ..\Startup\Startup.s
   Uses
      At line 292 in file ..\Startup\Startup.s
Comment: UsbIrqHandler used once
WatchDogIrqHandler 00000000

Symbol: WatchDogIrqHandler
   Definitions
      At line 190 in file ..\Startup\Startup.s
   Uses
      At line 193 in file ..\Startup\Startup.s
Comment: WatchDogIrqHandler used once
__main 00000000

Symbol: __main
   Definitions
      At line 522 in file ..\Startup\Startup.s
   Uses
      At line 523 in file ..\Startup\Startup.s
Comment: __main used once
__use_two_region_memory 00000000

Symbol: __use_two_region_memory
   Definitions
      At line 604 in file ..\Startup\Startup.s
   Uses
      None
Comment: __use_two_region_memory unused
26 symbols
483 symbols in table
